D:\LINUX-SHARE\CSREADER\CSREADER\DEBUG\VC110.PDB
D:\LINUX-SHARE\CSREADER\CSREADER\DEBUG\PUBLICS.OBJ
D:\LINUX-SHARE\CSREADER\CSREADER\DEBUG\REG.OBJ
D:\LINUX-SHARE\CSREADER\CSREADER\DEBUG\SYSCMD.OBJ
D:\LINUX-SHARE\CSREADER\CSREADER\DEBUG\TIMESEX.OBJ
D:\LINUX-SHARE\CSREADER\CSREADER\DEBUG\ALGORITHM.OBJ
D:\LINUX-SHARE\CSREADER\CSREADER\DEBUG\MYPRINTF.OBJ
D:\LINUX-SHARE\CSREADER\CSREADER\DEBUG\DATASECURITY.OBJ
D:\linux-share\CSReader\CSReader\Debug\algorithm.obj
D:\linux-share\CSReader\CSReader\Debug\DataSecurity.obj
D:\linux-share\CSReader\CSReader\Debug\myprintf.obj
D:\linux-share\CSReader\CSReader\Debug\Publics.obj
D:\linux-share\CSReader\CSReader\Debug\Reg.obj
D:\linux-share\CSReader\CSReader\Debug\SysCmd.obj
D:\linux-share\CSReader\CSReader\Debug\TimesEx.obj
D:\linux-share\CSReader\CSReader\Debug\cl.command.1.tlog
D:\linux-share\CSReader\CSReader\Debug\CL.read.1.tlog
D:\linux-share\CSReader\CSReader\Debug\CL.write.1.tlog
D:\linux-share\CSReader\CSReader\Debug\vc110.idb
D:\linux-share\CSReader\CSReader\Debug\vc110.pdb
